# JRE version: Java(TM) SE Runtime Environment (8.0_151-b12) (build 1.8.0_151-b12)
# Java VM: Java HotSpot(TM) 64-Bit Server VM (25.151-b12 mixed mode windows-amd64 compressed oops)
Heap:
 PSYoungGen      total 113152K, used 63359K [0x00000000d5e00000, 0x00000000e0e00000, 0x0000000100000000)
  eden space 103424K, 61% used [0x00000000d5e00000,0x00000000d9bdfc28,0x00000000dc300000)
  from space 9728K, 0% used [0x00000000dc300000,0x00000000dc300000,0x00000000dcc80000)
  to   space 11264K, 0% used [0x00000000e0300000,0x00000000e0300000,0x00000000e0e00000)
 ParOldGen       total 87552K, used 14865K [0x0000000081a00000, 0x0000000086f80000, 0x00000000d5e00000)
  object space 87552K, 16% used [0x0000000081a00000,0x0000000082884490,0x0000000086f80000)
 Metaspace       used 36861K, capacity 38920K, committed 39000K, reserved 1085440K
  class space    used 5088K, capacity 5465K, committed 5504K, reserved 1048576K
GC Heap History (10 events):
Event: 2.670 GC heap before
{Heap before GC invocations=5 (full 1):
 PSYoungGen      total 71680K, used 5096K [0x00000000d5e00000, 0x00000000da900000, 0x0000000100000000)
  eden space 66560K, 0% used [0x00000000d5e00000,0x00000000d5e00000,0x00000000d9f00000)
  from space 5120K, 99% used [0x00000000da400000,0x00000000da8fa020,0x00000000da900000)
  to   space 5120K, 0% used [0x00000000d9f00000,0x00000000d9f00000,0x00000000da400000)
 ParOldGen       total 87552K, used 5897K [0x0000000081a00000, 0x0000000086f80000, 0x00000000d5e00000)
  object space 87552K, 6% used [0x0000000081a00000,0x0000000081fc26e0,0x0000000086f80000)
 Metaspace       used 20372K, capacity 21112K, committed 21248K, reserved 1067008K
  class space    used 2735K, capacity 2950K, committed 3072K, reserved 1048576K
Event: 2.720 GC heap after
Heap after GC invocations=5 (full 1):
 PSYoungGen      total 71680K, used 0K [0x00000000d5e00000, 0x00000000da900000, 0x0000000100000000)
  eden space 66560K, 0% used [0x00000000d5e00000,0x00000000d5e00000,0x00000000d9f00000)
  from space 5120K, 0% used [0x00000000da400000,0x00000000da400000,0x00000000da900000)
  to   space 5120K, 0% used [0x00000000d9f00000,0x00000000d9f00000,0x00000000da400000)
 ParOldGen       total 56832K, used 7330K [0x0000000081a00000, 0x0000000085180000, 0x00000000d5e00000)
  object space 56832K, 12% used [0x0000000081a00000,0x0000000082128990,0x0000000085180000)
 Metaspace       used 20371K, capacity 21106K, committed 21248K, reserved 1067008K
  class space    used 2735K, capacity 2949K, committed 3072K, reserved 1048576K
}
Event: 3.306 GC heap before
{Heap before GC invocations=6 (full 1):
 PSYoungGen      total 71680K, used 66560K [0x00000000d5e00000, 0x00000000da900000, 0x0000000100000000)
  eden space 66560K, 100% used [0x00000000d5e00000,0x00000000d9f00000,0x00000000d9f00000)
  from space 5120K, 0% used [0x00000000da400000,0x00000000da400000,0x00000000da900000)
  to   space 5120K, 0% used [0x00000000d9f00000,0x00000000d9f00000,0x00000000da400000)
 ParOldGen       total 56832K, used 7330K [0x0000000081a00000, 0x0000000085180000, 0x00000000d5e00000)
  object space 56832K, 12% used [0x0000000081a00000,0x0000000082128990,0x0000000085180000)
 Metaspace       used 23553K, capacity 24514K, committed 24704K, reserved 1071104K
  class space    used 3228K, capacity 3433K, committed 3456K, reserved 1048576K
Event: 3.311 GC heap after
Heap after GC invocations=6 (full 1):
 PSYoungGen      total 71680K, used 5115K [0x00000000d5e00000, 0x00000000dd600000, 0x0000000100000000)
  eden space 66560K, 0% used [0x00000000d5e00000,0x00000000d5e00000,0x00000000d9f00000)
  from space 5120K, 99% used [0x00000000d9f00000,0x00000000da3fec48,0x00000000da400000)
  to   space 8704K, 0% used [0x00000000dcd80000,0x00000000dcd80000,0x00000000dd600000)
 ParOldGen       total 56832K, used 8819K [0x0000000081a00000, 0x0000000085180000, 0x00000000d5e00000)
  object space 56832K, 15% used [0x0000000081a00000,0x000000008229cf38,0x0000000085180000)
 Metaspace       used 23553K, capacity 24514K, committed 24704K, reserved 1071104K
  class space    used 3228K, capacity 3433K, committed 3456K, reserved 1048576K
}
Event: 4.051 GC heap before
{Heap before GC invocations=7 (full 1):
 PSYoungGen      total 71680K, used 71675K [0x00000000d5e00000, 0x00000000dd600000, 0x0000000100000000)
  eden space 66560K, 100% used [0x00000000d5e00000,0x00000000d9f00000,0x00000000d9f00000)
  from space 5120K, 99% used [0x00000000d9f00000,0x00000000da3fec48,0x00000000da400000)
  to   space 8704K, 0% used [0x00000000dcd80000,0x00000000dcd80000,0x00000000dd600000)
 ParOldGen       total 56832K, used 8819K [0x0000000081a00000, 0x0000000085180000, 0x00000000d5e00000)
  object space 56832K, 15% used [0x0000000081a00000,0x000000008229cf38,0x0000000085180000)
 Metaspace       used 28280K, capacity 29886K, committed 30080K, reserved 1075200K
  class space    used 3872K, capacity 4185K, committed 4224K, reserved 1048576K
Event: 4.059 GC heap after
Heap after GC invocations=7 (full 1):
 PSYoungGen      total 111616K, used 8680K [0x00000000d5e00000, 0x00000000dd600000, 0x0000000100000000)
  eden space 102912K, 0% used [0x00000000d5e00000,0x00000000d5e00000,0x00000000dc280000)
  from space 8704K, 99% used [0x00000000dcd80000,0x00000000dd5fa258,0x00000000dd600000)
  to   space 9728K, 0% used [0x00000000dc300000,0x00000000dc300000,0x00000000dcc80000)
 ParOldGen       total 56832K, used 9287K [0x0000000081a00000, 0x0000000085180000, 0x00000000d5e00000)
  object space 56832K, 16% used [0x0000000081a00000,0x0000000082311f80,0x0000000085180000)
 Metaspace       used 28280K, capacity 29886K, committed 30080K, reserved 1075200K
  class space    used 3872K, capacity 4185K, committed 4224K, reserved 1048576K
}
Event: 4.582 GC heap before
{Heap before GC invocations=8 (full 1):
 PSYoungGen      total 111616K, used 70591K [0x00000000d5e00000, 0x00000000dd600000, 0x0000000100000000)
  eden space 102912K, 60% used [0x00000000d5e00000,0x00000000d9a75a20,0x00000000dc280000)
  from space 8704K, 99% used [0x00000000dcd80000,0x00000000dd5fa258,0x00000000dd600000)
  to   space 9728K, 0% used [0x00000000dc300000,0x00000000dc300000,0x00000000dcc80000)
 ParOldGen       total 56832K, used 9287K [0x0000000081a00000, 0x0000000085180000, 0x00000000d5e00000)
  object space 56832K, 16% used [0x0000000081a00000,0x0000000082311f80,0x0000000085180000)
 Metaspace       used 33669K, capacity 35328K, committed 35416K, reserved 1079296K
  class space    used 4624K, capacity 4964K, committed 4992K, reserved 1048576K
Event: 4.592 GC heap after
Heap after GC invocations=8 (full 1):
 PSYoungGen      total 113152K, used 9727K [0x00000000d5e00000, 0x00000000e0e00000, 0x0000000100000000)
  eden space 103424K, 0% used [0x00000000d5e00000,0x00000000d5e00000,0x00000000dc300000)
  from space 9728K, 99% used [0x00000000dc300000,0x00000000dcc7fef0,0x00000000dcc80000)
  to   space 11264K, 0% used [0x00000000e0300000,0x00000000e0300000,0x00000000e0e00000)
 ParOldGen       total 56832K, used 9875K [0x0000000081a00000, 0x0000000085180000, 0x00000000d5e00000)
  object space 56832K, 17% used [0x0000000081a00000,0x00000000823a4fb8,0x0000000085180000)
 Metaspace       used 33669K, capacity 35328K, committed 35416K, reserved 1079296K
  class space    used 4624K, capacity 4964K, committed 4992K, reserved 1048576K
}
Event: 4.592 GC heap before
{Heap before GC invocations=9 (full 2):
 PSYoungGen      total 113152K, used 9727K [0x00000000d5e00000, 0x00000000e0e00000, 0x0000000100000000)
  eden space 103424K, 0% used [0x00000000d5e00000,0x00000000d5e00000,0x00000000dc300000)
  from space 9728K, 99% used [0x00000000dc300000,0x00000000dcc7fef0,0x00000000dcc80000)
  to   space 11264K, 0% used [0x00000000e0300000,0x00000000e0300000,0x00000000e0e00000)
 ParOldGen       total 56832K, used 9875K [0x0000000081a00000, 0x0000000085180000, 0x00000000d5e00000)
  object space 56832K, 17% used [0x0000000081a00000,0x00000000823a4fb8,0x0000000085180000)
 Metaspace       used 33669K, capacity 35328K, committed 35416K, reserved 1079296K
  class space    used 4624K, capacity 4964K, committed 4992K, reserved 1048576K
Event: 4.643 GC heap after
Heap after GC invocations=9 (full 2):
 PSYoungGen      total 113152K, used 0K [0x00000000d5e00000, 0x00000000e0e00000, 0x0000000100000000)
  eden space 103424K, 0% used [0x00000000d5e00000,0x00000000d5e00000,0x00000000dc300000)
  from space 9728K, 0% used [0x00000000dc300000,0x00000000dc300000,0x00000000dcc80000)
  to   space 11264K, 0% used [0x00000000e0300000,0x00000000e0300000,0x00000000e0e00000)
 ParOldGen       total 87552K, used 14865K [0x0000000081a00000, 0x0000000086f80000, 0x00000000d5e00000)
  object space 87552K, 16% used [0x0000000081a00000,0x0000000082884490,0x0000000086f80000)
 Metaspace       used 33669K, capacity 35328K, committed 35416K, reserved 1079296K
  class space    used 4624K, capacity 4964K, committed 4992K, reserved 1048576K
}

